<?xml version="1.0" encoding="UTF-8"?>
<!-- Generated by org.testng.reporters.JUnitReportReporter -->
<testsuite hostname="SubhangiS-lpt" failures="0" tests="3" name="com.vanran.tests.CustomerDetailsTest" time="2.830" errors="0" timestamp="2021-02-26T12:29:38 IST" skipped="0">
  <testcase classname="com.vanran.tests.CustomerDetailsTest" name="verifyLogin" time="2.647"/>
  <system-out/>
  <testcase classname="com.vanran.tests.CustomerDetailsTest" name="verifyclickOnReports" time="0.117"/>
  <system-out/>
  <testcase classname="com.vanran.tests.CustomerDetailsTest" name="verifyclickOnCustomerDetails" time="0.066"/>
  <system-out/>
</testsuite> <!-- com.vanran.tests.CustomerDetailsTest -->
