<?xml version="1.0" encoding="UTF-8"?>
<!-- Generated by org.testng.reporters.JUnitReportReporter -->
<testsuite hostname="SubhangiS-lpt" failures="0" tests="5" name="com.vanran.tests.ItemTest" time="10.038" errors="0" timestamp="2021-02-26T11:57:12 IST" skipped="0">
  <testcase classname="com.vanran.tests.ItemTest" name="verifyLogin" time="2.936"/>
  <system-out/>
  <testcase classname="com.vanran.tests.ItemTest" name="verifyclickOnApplicationSetting" time="0.254"/>
  <system-out/>
  <testcase classname="com.vanran.tests.ItemTest" name="verifyclickOnItems" time="0.124"/>
  <system-out/>
  <testcase classname="com.vanran.tests.ItemTest" name="verifyclickOnAddNew" time="2.090"/>
  <system-out/>
  <testcase classname="com.vanran.tests.ItemTest" name="verifyclickOnItemsID" time="4.634"/>
  <system-out/>
</testsuite> <!-- com.vanran.tests.ItemTest -->
